<?xml version="1.0" encoding="UTF-8"?>

<!--
Copyright (C) 2014 Yusuke Ikeda <yukung.i@gmail.com>

This program is free software: you can redistribute it and/or modify
it under the terms of the GNU General Public License as published by
the Free Software Foundation, either version 3 of the License, or
(at your option) any later version.

This program is distributed in the hope that it will be useful,
but WITHOUT ANY WARRANTY; without even the implied warranty of
MERCHANTABILITY or FITNESS FOR A PARTICULAR PURPOSE.  See the
GNU General Public License for more details.

You should have received a copy of the GNU General Public License
along with this program.  If not, see <http://www.gnu.org/licenses/>.
-->

<beans xmlns="http://www.springframework.org/schema/beans"
	xmlns:xsi="http://www.w3.org/2001/XMLSchema-instance" xmlns:jdbc="http://www.springframework.org/schema/jdbc"
	xsi:schemaLocation="http://www.springframework.org/schema/jdbc http://www.springframework.org/schema/jdbc/spring-jdbc-3.2.xsd
		http://www.springframework.org/schema/beans http://www.springframework.org/schema/beans/spring-beans-3.2.xsd">

	<import resource="classpath:spring/applicationContext.xml" />

	<beans profile="test">
		<!-- The settting of embedded DB for development. -->
		<jdbc:embedded-database id="dataSource" type="H2">
			<jdbc:script location="classpath:script/schema.ddl" />
			<jdbc:script location="classpath:script/initialize.sql" />
		</jdbc:embedded-database>
	</beans>

</beans>